app/build/intermediates/manifest_merge_blame_file/debug/manifest-merger-blame-debug-report.txt
1<?xml version="1.0" encoding="utf-8"?>
2<manifest xmlns:android="http://schemas.android.com/apk/res/android"
3    package="com.kv.userweatherapp"
4    android:versionCode="1"
5    android:versionName="1.0" >
6
7    <uses-sdk
8        android:minSdkVersion="23"
8-->src\main\AndroidManifest.xml
9        android:targetSdkVersion="31" />
9-->src\main\AndroidManifest.xml
10
11    <uses-permission android:name="android.permission.ACCESS_NETWORK_STATE" />
11-->src\main\AndroidManifest.xml:5:5-79
11-->src\main\AndroidManifest.xml:5:22-76
12    <uses-permission android:name="android.permission.INTERNET" />
12-->src\main\AndroidManifest.xml:6:5-67
12-->src\main\AndroidManifest.xml:6:22-64
13
14    <application
14-->src\main\AndroidManifest.xml:7:5-24:19
15        android:name="com.kv.userweatherapp.MyApplication"
15-->src\main\AndroidManifest.xml:8:9-38
16        android:allowBackup="true"
16-->src\main\AndroidManifest.xml:9:9-35
17        android:appComponentFactory="androidx.core.app.CoreComponentFactory"
17-->[androidx.core:core:1.7.0] AndroidManifest.xml:24:18-86
18        android:debuggable="true"
19        android:extractNativeLibs="false"
20        android:icon="@mipmap/ic_launcher"
20-->src\main\AndroidManifest.xml:10:9-43
21        android:label="@string/app_name"
21-->src\main\AndroidManifest.xml:11:9-41
22        android:roundIcon="@mipmap/ic_launcher_round"
22-->src\main\AndroidManifest.xml:12:9-54
23        android:supportsRtl="true"
23-->src\main\AndroidManifest.xml:13:9-35
24        android:testOnly="true"
25        android:theme="@style/Theme.UserWeatherApp" >
25-->src\main\AndroidManifest.xml:14:9-52
26        <activity
26-->src\main\AndroidManifest.xml:15:9-23:20
27            android:name="com.kv.userweatherapp.presentation.main.MainActivity"
27-->src\main\AndroidManifest.xml:16:13-80
28            android:exported="true" >
28-->src\main\AndroidManifest.xml:17:13-36
29            <intent-filter>
29-->src\main\AndroidManifest.xml:18:13-22:29
30                <action android:name="android.intent.action.MAIN" />
30-->src\main\AndroidManifest.xml:19:17-69
30-->src\main\AndroidManifest.xml:19:25-66
31
32                <category android:name="android.intent.category.LAUNCHER" />
32-->src\main\AndroidManifest.xml:21:17-77
32-->src\main\AndroidManifest.xml:21:27-74
33            </intent-filter>
34        </activity>
35
36        <uses-library
36-->[androidx.window:window:1.0.0] AndroidManifest.xml:25:9-27:40
37            android:name="androidx.window.extensions"
37-->[androidx.window:window:1.0.0] AndroidManifest.xml:26:13-54
38            android:required="false" />
38-->[androidx.window:window:1.0.0] AndroidManifest.xml:27:13-37
39        <uses-library
39-->[androidx.window:window:1.0.0] AndroidManifest.xml:28:9-30:40
40            android:name="androidx.window.sidecar"
40-->[androidx.window:window:1.0.0] AndroidManifest.xml:29:13-51
41            android:required="false" />
41-->[androidx.window:window:1.0.0] AndroidManifest.xml:30:13-37
42
43        <service
43-->[androidx.room:room-runtime:2.4.1] AndroidManifest.xml:25:9-28:40
44            android:name="androidx.room.MultiInstanceInvalidationService"
44-->[androidx.room:room-runtime:2.4.1] AndroidManifest.xml:26:13-74
45            android:directBootAware="true"
45-->[androidx.room:room-runtime:2.4.1] AndroidManifest.xml:27:13-43
46            android:exported="false" />
46-->[androidx.room:room-runtime:2.4.1] AndroidManifest.xml:28:13-37
47
48        <provider
48-->[androidx.emoji2:emoji2:1.0.0] AndroidManifest.xml:26:9-34:20
49            android:name="androidx.startup.InitializationProvider"
49-->[androidx.emoji2:emoji2:1.0.0] AndroidManifest.xml:27:13-67
50            android:authorities="com.kv.userweatherapp.androidx-startup"
50-->[androidx.emoji2:emoji2:1.0.0] AndroidManifest.xml:28:13-68
51            android:exported="false" >
51-->[androidx.emoji2:emoji2:1.0.0] AndroidManifest.xml:29:13-37
52            <meta-data
52-->[androidx.emoji2:emoji2:1.0.0] AndroidManifest.xml:31:13-33:52
53                android:name="androidx.emoji2.text.EmojiCompatInitializer"
53-->[androidx.emoji2:emoji2:1.0.0] AndroidManifest.xml:32:17-75
54                android:value="androidx.startup" />
54-->[androidx.emoji2:emoji2:1.0.0] AndroidManifest.xml:33:17-49
55            <meta-data
55-->[androidx.lifecycle:lifecycle-process:2.4.0] AndroidManifest.xml:31:13-33:52
56                android:name="androidx.lifecycle.ProcessLifecycleInitializer"
56-->[androidx.lifecycle:lifecycle-process:2.4.0] AndroidManifest.xml:32:17-78
57                android:value="androidx.startup" />
57-->[androidx.lifecycle:lifecycle-process:2.4.0] AndroidManifest.xml:33:17-49
58        </provider>
59    </application>
60
61</manifest>